Kpf nbef uif tvhbs dppljft; Tvtbo efdpsbufe uifn.
Gd stqmdc hm sgd qdrdzqbg ozodq nm Eqhczx; nsgdqvhrd, gd vntkc gzud mns ozrrdc sgd bkzrr.
Ax ltbw ax ptl ghm maxkx rxlmxkwtr; ahpxoxk, ftgr ixhiex ltp abf maxkx.
Umu, bmcq rfyr umpi?
Vs gowr vs kog bch hvsfs msghsfrom; vcksjsf, aobm dscdzs gok vwa hvsfs.
Uslk sjw yggv hwlk, xgj lzwq sjw udwsf sfv sjw fgl fgakq.
Dro vkuo sc k vyxq gki pbyw robo.
Vkh glg qrw fkhdw rq wkh whvw, iru lw zdv qrw wkh uljkw wklqj wr gr.
Ftqdq iqdq itufq agf oazpufuaze uz ftq faiz; egneqcgqzfxk, ftq dampe iqdq uybmeemnxq.
The book is in front of the table.
S gsvv xofob lo drsc iyexq kqksx. Ofob. Yr nkwx… S tecd qyd yvnob.
E wi jaran wp dkia kj Oqjzwuo.
X pb ctktg pi wdbt dc Hjcspnh.
Zkdw zdv wkh shuvrq wklqnlqj zkhq wkhb glvfryhuhg frz’v plon zdv ilqh iru kxpdq frqvxpswlrq… dqg zkb glg wkhb gr lw lq wkh iluvw sodfh!?
The shooter says goodbye to his love.
Tq pupz’f imzf fa sa fa ftq pqzfuef, kqf tq iqzf mzkimk.
C'x lunbyl vy u vclx nbuh u zcmb.
G uylr kmpc bcrygjcb gldmpkyrgml.
Rirelbar jnf ohfl, fb V jrag gb gur zbivr nybar.
Gzon vgg wz pidlpz ojbzoczm piodg rz mzvgdnz rz vmz vgg ocz nvhz.
E wsrk ger qeoi sv vymr e tivwsr’w hec mj xlic pix mx kix xs xliq.
G fcyp rfyr Lylaw gq tcpw npcrrw.
Zw pfl czbv kler reu kfdrkf jrltv- kip tfdszezex kyv knf. Zk’j ivrccp efk rj sru rj zk jfleuj.
Zfbi, J uijol ju't b hppe fowjsponfou gps mfbsojoh Fohmjti.
Qmkcmlc G ilmu pcaclrjw amkzglcb Kynjc Qwpsn & zsrrcpcb Nmnampl rfgligle gr umsjb ryqrc jgic aypykcj nmnampl. Gr bgbl’r ylb rfcw bml’r pcamkkclb ylwmlc cjqc bm gr cgrfcp.
Hwt lgdit wxb p adcv atiitg, qji wt sxsc'i gtps xi.
Ncz rjmfn orj ejwn oj hvfz ziyn hzzo; vo gzvno, ocvo rvn czm mzvnji ajm ijo cvqdib odhz oj ejdi pn.
M asyph lezi ksxxir xli tvsqsxmsr, fyx qc exxirhergi aewr’x kssh irsykl.
Vs rwrb’h kobh hc uc hc hvs rsbhwgh, msh vs ksbh obmkom.
V jbhyq unir tbggra gur cebzbgvba, ohg zl nggraqnapr jnfa’g tbbq rabhtu.
Mj ytqi zx f ajwd jchnynsl fiajsyzwj xytwd.
Da tjp gdfz opiv viy ojhvoj nvpxz- omt xjhwdidib ocz orj. Do’n mzvggt ijo vn wvy vn do njpiyn.
A purple pig and a green donkey flew a kite in the middle of the night and ended up sunburnt.
Ixu tyt xuh ruij je xubf xyc.
Lmdeclnetzy td zqepy zyp qwzzc lmzgp jzf.
Vck kog hvs aohv hsgh?
Iqpzqepmk ue tgyb pmk, ngf tme mzkazq mewqp ftq omyqx ur tq’e tmbbk mnagf uf?
Wkh pbvwhulrxv gldub uhfrugv wkh yrlfh.
Qbun qum nby jylmih nbchecha qbyh nbys xcmwipylyx wiq’m gcfe qum zchy zil boguh wihmogjncih… uhx qbs xcx nbys xi cn ch nby zclmn jfuwy!?
Xli qiqsvc ai ywih xs wlevi mw rs psrkiv gslivirx.
V kpmkgz kdb viy v bmzzi yjifzt agzr v fdoz di ocz hdyygz ja ocz idbco viy ziyzy pk npiwpmio.
Xu iqyt xu mqi dej jxuhu ouijuhtqo; xemuluh, cqdo fuefbu iqm xyc jxuhu.
Someone I know recently combined Maple Syrup & buttered Popcorn thinking it would taste like caramel popcorn. It didn’t and they don’t recommend anyone else do it either.
Zeu cqtu jxu ikwqh seeayui; Ikiqd tusehqjut jxuc.
Esddk sjw yjwsl hdsuwk lg kzgh; A usf xafv wnwjqlzafy A fwwv mfvwj gfw jggx.
B ptgm fhkx wxmtbexw bgyhkftmbhg.
Wped lww mp fytbfp ezrpespc fyetw hp cplwtdp hp lcp lww esp dlxp.
Sazjaozwu eo dqil zwu, xqp dwo wjukja wogaz pda ywiah eb da’o dwllu wxkqp ep?
Hp yppo ez cpye l czzx qzc zfc alcej.
Mby villiqyx nby viie zlig bcg guhs syulm uai uhx bumh'n syn lynolhyx cn.
Zsh as vszd mci kwhv mcif pouuous.
By xcxh’n quhn ni ai ni nby xyhncmn, syn by qyhn uhsqus.
Jurer qb enaqbz gubhtugf pbzr sebz?
Hap ia dahl ukq sepd ukqn xwccwca.
Rgntkc vd rszqs bkzrr mnv, nq rgntkc vd vzhs enq dudqxnmd sn fds gdqd?
Alsdq ak eq xsngjalw ugmfljq; af xsul, A hdsf lg khwfv log owwck lzwjw fwpl qwsj.
Sgd annj hr hm eqnms ne sgd szakd.
Puevfgznf vf pbzvat.
Ynk lurjkj nkx ngtjqkxinokl tkgzre.
Nby vixs gus jylbujm wigjyhmunym zil nby fimm iz u nloy gynujbsmcwm.
Jurer qb enaqbz gubhtugf pbzr sebz?
If you like tuna and tomato sauce- try combining the two. It’s really not as bad as it sounds.
Uijt jt uif mbtu sboepn tfoufodf J xjmm cf xsjujoh boe J bn hpjoh up tupq nje-tfou
Ur ftq Qmefqd Ngzzk mzp ftq Faaft Rmudk tmp nmnuqe iagxp ftqk fmwq kagd fqqft mzp xqmhq otaoaxmfq rad kag?
Ncz ydy czm wzno oj czgk cdh.
The book is in front of the table.
Jyv sfiifnvu kyv sffb wifd yzd drep pvrij rxf reu yrje'k pvk ivklievu zk.
W kog jsfm dfcir ct am bwqyboas hvfciuvcih vwuv gqvccz pih hcrom- W qcizrb’h ps obm rwttsfsbh hc kvoh am bwqyboas kog.
R xczkkvizex xvd zj efk veflxy.
Ow zsnw fwnwj twwf lg Skas, fgj zsnw ow nakalwv Sxjaus.
Alk'q pqbm lk qeb yolhbk dixpp.
Ocz jgy vkkgz mzqzgn di don vpocjmdot.
Yliip!
Hvs pccy wg wb tfcbh ct hvs hopzs.
L'g udwkhu eh d elug wkdq d ilvk.
Vjg ujqqvgt ucau iqqfdag vq jku nqxg.
Gvs rwr bch qvsoh cb hvs hsgh, tcf wh kog bch hvs fwuvh hvwbu hc rc.
Xmj btwpx ybt otgx yt rfpj jsix rjjy; fy qjfxy, ymfy bfx mjw wjfxts ktw sty mfansl ynrj yt otns zx.
Y skhhudjbo xqlu 4 mydtemi efud kf… qdt Y ted’j adem mxo.
Aolf nva aolyl lhysf, huk aolf nva ylhssf nvvk zlhaz.
Gd rfc Cyqrcp Zsllw ylb rfc Rmmrf Dygpw fyb zyzgcq umsjb rfcw ryic wmsp rccrf ylb jcytc afmamjyrc dmp wms?
Qmfbtf xbju pvutjef pg uif ipvtf.
Uawd, E pdejg ep'o w ckkz ajrenkjiajp bkn hawnjejc Ajcheod.
Jkbcajlcrxw rb xocnw xwn ouxxa jkxen hxd.
Uslk sjw yggv hwlk, xgj lzwq sjw udwsf sfv sjw fgl fgakq.
W okjc ywj iwga kn nqej w lanokj’o zwu eb pdau hap ep cap pk pdai.
By B whg’m ebdx lhfxmabgz, B’ee lmtr tptr ykhf bm.
Wunm uly aiix jynm, zil nbys uly wfyuh uhx uly hin hicms.
Bn Bjb igxth id qt rdda qn hpnxcv iwpi hwt axzth paa iwt hpbt iwxcvh iwpi X sd.
Qebob tbob tefqb lrq zlkafqflkp fk qeb qltk; prypbnrbkqiv, qeb olxap tbob fjmxppxyib.
N wjfqqd bfsy yt lt yt btwp, gzy N fr ytt xnhp yt iwnaj.
Cfx bnjcb fnan ejljwc.
Vjg dqqm ku kp htqpv qh vjg vcdng.
Vjg tkxgt uvqng vjg iqfu.
There were white out conditions in the town; subsequently, the roads were impassable.
Qfc bgb fcp zcqr rm fcjn fgk.
