230.440 -48.142 917.818
18.919 88.694 929.801
-43.024 12.959 906.077
-516.220 -208.840 288.524
58.111 64.566 846.998
110.513 -55.872 893.431
2.661 39.423 927.490
72.052 -6.591 988.561
-56.766 16.455 1094.273
-373.534 -45.625 239.524
-144.374 -216.006 879.900
-51.251 -41.061 767.271
-105.811 -38.376 1130.120
-112.025 33.991 1107.952
-263.960 51.866 421.889
-76.630 19.309 1073.992
-15.904 48.982 936.886
319.703 -173.020 514.213
135.452 74.426 983.823
-66.605 119.996 962.331
-151.612 -419.810 461.414
36.121 -80.727 934.016
116.482 -57.411 965.403
-5.054 -73.020 836.537
129.740 18.351 724.627
8.143 101.733 944.068
-40.114 -265.463 1037.720
135.593 -13.974 881.584
13.977 -57.079 1013.684
-32.124 -111.587 509.681
-73.143 34.223 1018.224
264.195 49.068 771.689
-171.255 -25.086 929.883
-84.311 98.265 984.619
-35.594 -141.226 947.526
375.862 617.405 318.942
-30.571 22.246 999.311
-29.780 28.441 1000.993
124.390 39.305 976.074
-129.798 -39.816 609.037
-18.671 -58.219 1026.290
45.262 39.624 936.977
73.021 46.763 1095.385
178.475 179.059 1019.402
147.125 49.866 809.834
4.227 -102.843 788.608
53.462 -63.817 1015.110
147.236 -89.928 1152.408
87.318 -112.479 967.055
22.507 -31.313 1078.239
-15.514 52.634 953.012
24.004 -56.847 846.538
-150.427 12.945 790.123
0.226 -53.684 651.512
-52.007 68.378 1123.075
-2.572 -520.720 749.007
-50.554 102.550 1065.496
-53.569 -39.445 1014.972
-199.976 -27.294 857.425
16.580 -38.087 977.917
-7.706 -63.475 828.820
43.100 -111.997 976.447
119.233 -189.572 659.337
-19.826 -66.580 901.039
-146.751 -151.002 820.823
